c:\users\gstanciu\alin\projects\task6\task6\x64\debug\task6lib.pdb
c:\users\gstanciu\alin\projects\task6\task6\x64\debug\task6lib.idb
c:\users\gstanciu\alin\projects\task6\task6\task6lib\x64\debug\utility_runonstartup.obj
c:\users\gstanciu\alin\projects\task6\task6\task6lib\x64\debug\test_run_on_startup.obj
c:\users\gstanciu\alin\projects\task6\task6\task6lib\x64\debug\tcpserver.obj
c:\users\gstanciu\alin\projects\task6\task6\task6lib\x64\debug\systemexception.obj
c:\users\gstanciu\alin\projects\task6\task6\task6lib\x64\debug\raiioverlapped.obj
c:\users\gstanciu\alin\projects\task6\task6\task6lib\x64\debug\raiilock.obj
c:\users\gstanciu\alin\projects\task6\task6\task6lib\x64\debug\raiiindexedoverlapped.obj
c:\users\gstanciu\alin\projects\task6\task6\task6lib\x64\debug\raiihkey.obj
c:\users\gstanciu\alin\projects\task6\task6\task6lib\x64\debug\raiihandle.obj
c:\users\gstanciu\alin\projects\task6\task6\task6lib\x64\debug\raiicriticalsection.obj
c:\users\gstanciu\alin\projects\task6\task6\task6lib\x64\debug\pipeserver.obj
c:\users\gstanciu\alin\projects\task6\task6\task6lib\x64\debug\pipeclient.obj
c:\users\gstanciu\alin\projects\task6\task6\task6lib\x64\debug\outpipeclient.obj
c:\users\gstanciu\alin\projects\task6\task6\task6lib\x64\debug\inpipeserver.obj
c:\users\gstanciu\alin\projects\task6\task6\x64\debug\task6lib.lib
c:\users\gstanciu\alin\projects\task6\task6\task6lib\x64\debug\task6lib.tlog\cl.command.1.tlog
c:\users\gstanciu\alin\projects\task6\task6\task6lib\x64\debug\task6lib.tlog\cl.read.1.tlog
c:\users\gstanciu\alin\projects\task6\task6\task6lib\x64\debug\task6lib.tlog\cl.write.1.tlog
c:\users\gstanciu\alin\projects\task6\task6\task6lib\x64\debug\task6lib.tlog\lib-link.read.1.tlog
c:\users\gstanciu\alin\projects\task6\task6\task6lib\x64\debug\task6lib.tlog\lib-link.write.1.tlog
c:\users\gstanciu\alin\projects\task6\task6\task6lib\x64\debug\task6lib.tlog\lib.command.1.tlog
